<?xml version="1.0" encoding="UTF-8"?>
<testsuite name="SwingDemoTest" tests="1" skipped="0" failures="0" errors="0" timestamp="2024-12-18T15:11:42" hostname="EBAKA" time="0.005">
  <properties/>
  <testcase name="testSomeLibraryMethod" classname="SwingDemoTest" time="0.005"/>
  <system-out><![CDATA[]]></system-out>
  <system-err><![CDATA[]]></system-err>
</testsuite>
